0 info it worked if it ends with ok
1 verbose cli [ 'node', '/usr/local/bin/npm', 'install', 'plugman' ]
2 info using npm@2.5.1
3 info using node@v0.12.0
4 verbose config Skipping project config: /Users/bill/.npmrc. (matches userconfig)
5 silly cache add args [ 'plugman', null ]
6 verbose cache add spec plugman
7 silly cache add parsed spec { raw: 'plugman',
7 silly cache add   scope: null,
7 silly cache add   name: 'plugman',
7 silly cache add   rawSpec: '',
7 silly cache add   spec: '*',
7 silly cache add   type: 'range' }
8 verbose addNamed plugman@*
9 silly addNamed semver.valid null
10 silly addNamed semver.validRange *
11 silly addNameRange { name: 'plugman', range: '*', hasData: false }
12 silly mapToRegistry name plugman
13 silly mapToRegistry using default registry
14 silly mapToRegistry registry https://registry.npmjs.org/
15 silly mapToRegistry uri https://registry.npmjs.org/plugman
16 verbose addNameRange registry:https://registry.npmjs.org/plugman not in flight; fetching
17 verbose request uri https://registry.npmjs.org/plugman
18 verbose request no auth needed
19 info attempt registry request try #1 at 8:11:15 AM
20 verbose request id f2b18e4ef8109654
21 verbose etag "EREO0X7JOJR3JMJZE6I116FN0"
22 http request GET https://registry.npmjs.org/plugman
23 http 304 https://registry.npmjs.org/plugman
24 silly get cb [ 304,
24 silly get   { date: 'Fri, 27 Mar 2015 12:11:15 GMT',
24 silly get     server: 'Apache',
24 silly get     via: '1.1 varnish',
24 silly get     'last-modified': 'Fri, 27 Mar 2015 12:11:16 GMT',
24 silly get     'cache-control': 'max-age=60',
24 silly get     etag: '"EREO0X7JOJR3JMJZE6I116FN0"',
24 silly get     age: '0',
24 silly get     'x-served-by': 'cache-atl6227-ATL',
24 silly get     'x-cache': 'MISS',
24 silly get     'x-cache-hits': '0',
24 silly get     'x-timer': 'S1427458275.750421,VS0,VE317',
24 silly get     vary: 'Accept',
24 silly get     'content-length': '0',
24 silly get     'keep-alive': 'timeout=10, max=50',
24 silly get     connection: 'Keep-Alive' } ]
25 verbose etag https://registry.npmjs.org/plugman from cache
26 verbose get saving plugman to /Users/bill/.npm/registry.npmjs.org/plugman/.cache.json
27 silly addNameRange number 2 { name: 'plugman', range: '*', hasData: true }
28 silly addNameRange versions [ 'plugman',
28 silly addNameRange   [ '0.5.6',
28 silly addNameRange     '0.5.7',
28 silly addNameRange     '0.5.8',
28 silly addNameRange     '0.5.9',
28 silly addNameRange     '0.6.0',
28 silly addNameRange     '0.6.1',
28 silly addNameRange     '0.6.2',
28 silly addNameRange     '0.6.3',
28 silly addNameRange     '0.7.0',
28 silly addNameRange     '0.7.1',
28 silly addNameRange     '0.7.2',
28 silly addNameRange     '0.7.3',
28 silly addNameRange     '0.7.4',
28 silly addNameRange     '0.7.5',
28 silly addNameRange     '0.7.6',
28 silly addNameRange     '0.7.7',
28 silly addNameRange     '0.7.8',
28 silly addNameRange     '0.7.9',
28 silly addNameRange     '0.7.10',
28 silly addNameRange     '0.7.11',
28 silly addNameRange     '0.7.12',
28 silly addNameRange     '0.7.13',
28 silly addNameRange     '0.7.14',
28 silly addNameRange     '0.8.0',
28 silly addNameRange     '0.8.1',
28 silly addNameRange     '0.8.2',
28 silly addNameRange     '0.9.0',
28 silly addNameRange     '0.9.1',
28 silly addNameRange     '0.9.2',
28 silly addNameRange     '0.9.3',
28 silly addNameRange     '0.9.4',
28 silly addNameRange     '0.9.5',
28 silly addNameRange     '0.9.6',
28 silly addNameRange     '0.9.7',
28 silly addNameRange     '0.9.8',
28 silly addNameRange     '0.9.9',
28 silly addNameRange     '0.9.10',
28 silly addNameRange     '0.9.11',
28 silly addNameRange     '0.9.20',
28 silly addNameRange     '0.9.21',
28 silly addNameRange     '0.9.22',
28 silly addNameRange     '0.9.23',
28 silly addNameRange     '0.10.0',
28 silly addNameRange     '0.10.1',
28 silly addNameRange     '0.11.0',
28 silly addNameRange     '0.12.0',
28 silly addNameRange     '0.13.0',
28 silly addNameRange     '0.14.0',
28 silly addNameRange     '0.15.0',
28 silly addNameRange     '0.16.0',
28 silly addNameRange     '0.17.0',
28 silly addNameRange     '0.18.0',
28 silly addNameRange     '0.19.0',
28 silly addNameRange     '0.20.0',
28 silly addNameRange     '0.20.1',
28 silly addNameRange     '0.20.2',
28 silly addNameRange     '0.21.0',
28 silly addNameRange     '0.22.0',
28 silly addNameRange     '0.22.1',
28 silly addNameRange     '0.22.2',
28 silly addNameRange     '0.22.4',
28 silly addNameRange     '0.22.5',
28 silly addNameRange     '0.22.6',
28 silly addNameRange     '0.22.7',
28 silly addNameRange     '0.22.8',
28 silly addNameRange     '0.22.9',
28 silly addNameRange     '0.22.10',
28 silly addNameRange     '0.22.11',
28 silly addNameRange     '0.22.12',
28 silly addNameRange     '0.22.14',
28 silly addNameRange     '0.22.15',
28 silly addNameRange     '0.22.16',
28 silly addNameRange     '0.22.17',
28 silly addNameRange     '0.23.0' ] ]
29 verbose addNamed plugman@0.23.0
30 silly addNamed semver.valid 0.23.0
31 silly addNamed semver.validRange 0.23.0
32 silly cache afterAdd plugman@0.23.0
33 verbose afterAdd /Users/bill/.npm/plugman/0.23.0/package/package.json not in flight; writing
34 verbose afterAdd /Users/bill/.npm/plugman/0.23.0/package/package.json written
35 silly install resolved [ { author: { name: 'Andrew Lunny', email: 'alunny@gmail.com' },
35 silly install resolved     name: 'plugman',
35 silly install resolved     description: 'install/uninstall Cordova plugins',
35 silly install resolved     version: '0.23.0',
35 silly install resolved     repository:
35 silly install resolved      { type: 'git',
35 silly install resolved        url: 'git://git-wip-us.apache.org/repos/asf/cordova-plugman.git' },
35 silly install resolved     bugs:
35 silly install resolved      { url: 'https://issues.apache.org/jira/browse/CB',
35 silly install resolved        email: 'dev@cordova.apache.org' },
35 silly install resolved     main: 'plugman.js',
35 silly install resolved     engines: { node: '>=0.9.9' },
35 silly install resolved     engineStrict: true,
35 silly install resolved     dependencies:
35 silly install resolved      { 'cordova-lib': '4.3.0',
35 silly install resolved        nopt: '1.0.9',
35 silly install resolved        underscore: '1.7.0',
35 silly install resolved        q: '1.0.1',
35 silly install resolved        npm: '1.3.4',
35 silly install resolved        rc: '0.5.2' },
35 silly install resolved     devDependencies: { jshint: '2.5.8', 'jasmine-node': '1.14.5' },
35 silly install resolved     bin: { plugman: './main.js' },
35 silly install resolved     scripts:
35 silly install resolved      { test: 'npm run jasmine && npm run jshint',
35 silly install resolved        jshint: 'node node_modules/jshint/bin/jshint src',
35 silly install resolved        jasmine: 'jasmine-node --captureExceptions --color spec' },
35 silly install resolved     contributors:
35 silly install resolved      [ [Object],
35 silly install resolved        [Object],
35 silly install resolved        [Object],
35 silly install resolved        [Object],
35 silly install resolved        [Object],
35 silly install resolved        [Object],
35 silly install resolved        [Object],
35 silly install resolved        [Object],
35 silly install resolved        [Object],
35 silly install resolved        [Object],
35 silly install resolved        [Object] ],
35 silly install resolved     _id: 'plugman@0.23.0',
35 silly install resolved     _shasum: '36a0a7208b5a0ee9c7e53948e601f050f6e46b3e',
35 silly install resolved     _resolved: 'https://registry.npmjs.org/plugman/-/plugman-0.23.0.tgz',
35 silly install resolved     _from: 'plugman@*',
35 silly install resolved     _npmVersion: '2.5.1',
35 silly install resolved     _nodeVersion: '0.10.36',
35 silly install resolved     _npmUser: { name: 'stevegill', email: 'stevengill97@gmail.com' },
35 silly install resolved     maintainers:
35 silly install resolved      [ [Object],
35 silly install resolved        [Object],
35 silly install resolved        [Object],
35 silly install resolved        [Object],
35 silly install resolved        [Object],
35 silly install resolved        [Object],
35 silly install resolved        [Object],
35 silly install resolved        [Object],
35 silly install resolved        [Object],
35 silly install resolved        [Object],
35 silly install resolved        [Object],
35 silly install resolved        [Object],
35 silly install resolved        [Object] ],
35 silly install resolved     dist:
35 silly install resolved      { shasum: '36a0a7208b5a0ee9c7e53948e601f050f6e46b3e',
35 silly install resolved        tarball: 'http://registry.npmjs.org/plugman/-/plugman-0.23.0.tgz' },
35 silly install resolved     directories: {},
35 silly install resolved     readme: 'ERROR: No README data found!' } ]
36 info install plugman@0.23.0 into /Users/bill
37 info installOne plugman@0.23.0
38 verbose installOne of plugman to /Users/bill not in flight; installing
39 warn locking Error: EACCES, open '/Users/bill/.npm/_locks/plugman-7bb65761d5e8141e.lock'
39 warn locking     at Error (native)
39 warn locking  /Users/bill/.npm/_locks/plugman-7bb65761d5e8141e.lock failed { [Error: EACCES, open '/Users/bill/.npm/_locks/plugman-7bb65761d5e8141e.lock']
39 warn locking   errno: -13,
39 warn locking   code: 'EACCES',
39 warn locking   path: '/Users/bill/.npm/_locks/plugman-7bb65761d5e8141e.lock' }
40 verbose stack Error: Attempt to unlock /Users/bill/node_modules/plugman, which hasn't been locked
40 verbose stack     at unlock (/usr/local/lib/node_modules/npm/lib/utils/locker.js:66:11)
40 verbose stack     at cb (/usr/local/lib/node_modules/npm/lib/install.js:929:5)
40 verbose stack     at /usr/local/lib/node_modules/npm/lib/install.js:933:20
40 verbose stack     at /usr/local/lib/node_modules/npm/lib/utils/locker.js:40:9
40 verbose stack     at cb (/usr/local/lib/node_modules/npm/node_modules/lockfile/lockfile.js:149:38)
40 verbose stack     at /usr/local/lib/node_modules/npm/node_modules/lockfile/lockfile.js:177:38
40 verbose stack     at FSReqWrap.oncomplete (fs.js:99:15)
41 verbose cwd /Users/bill/Desktop/Cordova/waterscience
42 error Darwin 14.0.0
43 error argv "node" "/usr/local/bin/npm" "install" "plugman"
44 error node v0.12.0
45 error npm  v2.5.1
46 error Attempt to unlock /Users/bill/node_modules/plugman, which hasn't been locked
47 error If you need help, you may report this error at:
47 error     <http://github.com/npm/npm/issues>
48 verbose exit [ 1, true ]
